This file contains any messages produced by compilers while
running configure, to aid debugging if configure makes a mistake.

It was created by configure, which was
generated by GNU Autoconf 2.59.  Invocation command line was

  $ ./configure 

## --------- ##
## Platform. ##
## --------- ##

hostname = EL
uname -m = x86_64
uname -r = 4.4.0-112-generic
uname -s = Linux
uname -v = #135-Ubuntu SMP Fri Jan 19 11:48:36 UTC 2018

/usr/bin/uname -p = unknown
/bin/uname -X     = unknown

/bin/arch              = unknown
/usr/bin/arch -k       = unknown
/usr/convex/getsysinfo = unknown
hostinfo               = unknown
/bin/machine           = unknown
/usr/bin/oslevel       = unknown
/bin/universe          = unknown

PATH: /home/synophride/.opam/system/bin
PATH: /home/synophride/bin
PATH: /home/synophride/.local/bin
PATH: /home/synophride/anaconda2/bin
PATH: /home/synophride/anaconda2/bin
PATH: /usr/local/sbin
PATH: /usr/local/bin
PATH: /usr/sbin
PATH: /usr/bin
PATH: /sbin
PATH: /bin
PATH: /usr/games
PATH: /usr/local/games
PATH: /snap/bin


## ----------- ##
## Core tests. ##
## ----------- ##

configure:1224: checking for ocamlc
configure:1240: found /usr/bin/ocamlc
configure:1251: result: ocamlc
configure:1275: checking for ocamlopt
configure:1291: found /usr/bin/ocamlopt
configure:1302: result: ocamlopt
configure:1314: checking ocamlopt version
configure:1322: result: ok
configure:1331: checking for ocamlc.opt
configure:1358: result: no
configure:1383: checking for ocamlopt.opt
configure:1410: result: no
configure:1435: checking for ocamldep
configure:1451: found /usr/bin/ocamldep
configure:1462: result: ocamldep
configure:1477: checking for ocamllex
configure:1493: found /usr/bin/ocamllex
configure:1504: result: ocamllex
configure:1518: checking for ocamllex.opt
configure:1545: result: no
configure:1559: checking for ocamlyacc
configure:1575: found /usr/bin/ocamlyacc
configure:1586: result: ocamlyacc
configure:1601: checking for ocamlweb
configure:1628: result: true
configure:1637: checking platform
configure:1790: creating ./config.status

## ---------------------- ##
## Running config.status. ##
## ---------------------- ##

This file was extended by config.status, which was
generated by GNU Autoconf 2.59.  Invocation command line was

  CONFIG_FILES    = 
  CONFIG_HEADERS  = 
  CONFIG_LINKS    = 
  CONFIG_COMMANDS = 
  $ ./config.status 

on EL

config.status:677: creating Makefile

## ---------------- ##
## Cache variables. ##
## ---------------- ##

ac_cv_env_build_alias_set=
ac_cv_env_build_alias_value=
ac_cv_env_host_alias_set=
ac_cv_env_host_alias_value=
ac_cv_env_target_alias_set=
ac_cv_env_target_alias_value=
ac_cv_prog_OCAMLC=ocamlc
ac_cv_prog_OCAMLCDOTOPT=no
ac_cv_prog_OCAMLDEP=ocamldep
ac_cv_prog_OCAMLLEX=ocamllex
ac_cv_prog_OCAMLLEXDOTOPT=no
ac_cv_prog_OCAMLOPT=ocamlopt
ac_cv_prog_OCAMLOPTDOTOPT=no
ac_cv_prog_OCAMLWEB=true
ac_cv_prog_OCAMLYACC=ocamlyacc

## ----------------- ##
## Output variables. ##
## ----------------- ##

DEFS='-DPACKAGE_NAME=\"\" -DPACKAGE_TARNAME=\"\" -DPACKAGE_VERSION=\"\" -DPACKAGE_STRING=\"\" -DPACKAGE_BUGREPORT=\"\" '
ECHO_C=''
ECHO_N='-n'
ECHO_T=''
EXE=''
LIBOBJS=''
LIBS=''
LTLIBOBJS=''
OCAMLBEST='opt'
OCAMLC='ocamlc'
OCAMLCDOTOPT='no'
OCAMLDEP='ocamldep'
OCAMLLEX='ocamllex'
OCAMLLEXDOTOPT='no'
OCAMLLIB='/usr/lib/ocaml'
OCAMLOPT='ocamlopt'
OCAMLOPTDOTOPT='no'
OCAMLVERSION='4.02.3'
OCAMLWEB='true'
OCAMLWIN32='no'
OCAMLYACC='ocamlyacc'
PACKAGE_BUGREPORT=''
PACKAGE_NAME=''
PACKAGE_STRING=''
PACKAGE_TARNAME=''
PACKAGE_VERSION=''
PATH_SEPARATOR=':'
SHELL='/bin/bash'
bindir='${exec_prefix}/bin'
build_alias=''
datadir='${prefix}/share'
exec_prefix='${prefix}'
host_alias=''
includedir='${prefix}/include'
infodir='${prefix}/info'
libdir='${exec_prefix}/lib'
libexecdir='${exec_prefix}/libexec'
localstatedir='${prefix}/var'
mandir='${prefix}/man'
oldincludedir='/usr/include'
prefix='/usr/local'
program_transform_name='s,x,x,'
sbindir='${exec_prefix}/sbin'
sharedstatedir='${prefix}/com'
sysconfdir='${prefix}/etc'
target_alias=''

## ----------- ##
## confdefs.h. ##
## ----------- ##

#define PACKAGE_BUGREPORT ""
#define PACKAGE_NAME ""
#define PACKAGE_STRING ""
#define PACKAGE_TARNAME ""
#define PACKAGE_VERSION ""

configure: exit 0
