   0  $accept : %entry% $end

   1  lets : defs EOF

   2  defs :
   3       | def defs

   4  def : LET binding

   5  binding : rec_flag pattern EQUAL expr
   6          | rec_flag IDENT pattern_list EQUAL expr

   7  pattern : UNDERSCORE
   8          | IDENT
   9          | LPAREN pattern_comma_list RPAREN

  10  simple_expr : LPAREN expr RPAREN
  11              | const
  12              | IDENT
  13              | LPAREN expr_comma_list RPAREN
  14              | LBRACKET expr_semi_list RBRACKET

  15  expr : simple_expr
  16       | simple_expr simple_expr_list
  17       | expr COLONCOLON expr
  18       | LET binding IN expr
  19       | FUNCTION pattern MINUS_GT expr
  20       | IF expr THEN expr ELSE expr
  21       | MATCH expr WITH opt_bar LBRACKET RBRACKET MINUS_GT expr BAR pattern COLONCOLON pattern MINUS_GT expr
  22       | expr PLUS expr
  23       | expr PLUS_DOT expr
  24       | expr MINUS expr
  25       | expr MINUS_DOT expr
  26       | expr STAR expr
  27       | expr STAR_DOT expr
  28       | expr SLASH expr
  29       | expr SLASH_DOT expr
  30       | expr COMP expr
  31       | expr EQUAL expr
  32       | expr NEQ expr
  33       | expr AND expr
  34       | expr OR expr
  35       | MINUS expr
  36       | MINUS_DOT expr
  37       | NOT expr

  38  const : LPAREN RPAREN
  39        | CONST_BOOL
  40        | CONST_INT
  41        | CONST_FLOAT
  42        | CONST_STRING

  43  rec_flag :
  44           | REC

  45  opt_bar :
  46          | BAR

  47  simple_expr_list : simple_expr simple_expr_list
  48                   | simple_expr

  49  expr_comma_list : expr COMMA expr_comma_list
  50                  | expr COMMA expr

  51  expr_semi_list :
  52                 | expr
  53                 | expr SEMI expr_semi_list

  54  pattern_comma_list : pattern COMMA pattern_comma_list
  55                     | pattern COMMA pattern

  56  pattern_list : pattern pattern_list
  57               | pattern

  58  %entry% : '\001' lets

state 0
	$accept : . %entry% $end  (0)

	'\001'  shift 1
	.  error

	%entry%  goto 2


state 1
	%entry% : '\001' . lets  (58)
	defs : .  (2)

	LET  shift 3
	EOF  reduce 2

	lets  goto 4
	defs  goto 5
	def  goto 6


state 2
	$accept : %entry% . $end  (0)

	$end  accept


state 3
	def : LET . binding  (4)
	rec_flag : .  (43)

	REC  shift 7
	IDENT  reduce 43
	LPAREN  reduce 43
	UNDERSCORE  reduce 43

	binding  goto 8
	rec_flag  goto 9


state 4
	%entry% : '\001' lets .  (58)

	.  reduce 58


state 5
	lets : defs . EOF  (1)

	EOF  shift 10
	.  error


state 6
	defs : def . defs  (3)
	defs : .  (2)

	LET  shift 3
	EOF  reduce 2

	defs  goto 11
	def  goto 6


state 7
	rec_flag : REC .  (44)

	.  reduce 44


state 8
	def : LET binding .  (4)

	.  reduce 4


state 9
	binding : rec_flag . pattern EQUAL expr  (5)
	binding : rec_flag . IDENT pattern_list EQUAL expr  (6)

	IDENT  shift 12
	LPAREN  shift 13
	UNDERSCORE  shift 14
	.  error

	pattern  goto 15


state 10
	lets : defs EOF .  (1)

	.  reduce 1


state 11
	defs : def defs .  (3)

	.  reduce 3


state 12
	binding : rec_flag IDENT . pattern_list EQUAL expr  (6)
	pattern : IDENT .  (8)

	IDENT  shift 16
	LPAREN  shift 13
	UNDERSCORE  shift 14
	EQUAL  reduce 8

	pattern  goto 17
	pattern_list  goto 18


state 13
	pattern : LPAREN . pattern_comma_list RPAREN  (9)

	IDENT  shift 16
	LPAREN  shift 13
	UNDERSCORE  shift 14
	.  error

	pattern  goto 19
	pattern_comma_list  goto 20


state 14
	pattern : UNDERSCORE .  (7)

	.  reduce 7


state 15
	binding : rec_flag pattern . EQUAL expr  (5)

	EQUAL  shift 21
	.  error


state 16
	pattern : IDENT .  (8)

	.  reduce 8


state 17
	pattern_list : pattern . pattern_list  (56)
	pattern_list : pattern .  (57)

	IDENT  shift 16
	LPAREN  shift 13
	UNDERSCORE  shift 14
	EQUAL  reduce 57

	pattern  goto 17
	pattern_list  goto 22


state 18
	binding : rec_flag IDENT pattern_list . EQUAL expr  (6)

	EQUAL  shift 23
	.  error


state 19
	pattern_comma_list : pattern . COMMA pattern_comma_list  (54)
	pattern_comma_list : pattern . COMMA pattern  (55)

	COMMA  shift 24
	.  error


state 20
	pattern : LPAREN pattern_comma_list . RPAREN  (9)

	RPAREN  shift 25
	.  error


state 21
	binding : rec_flag pattern EQUAL . expr  (5)

	CONST_BOOL  shift 26
	CONST_INT  shift 27
	CONST_FLOAT  shift 28
	CONST_STRING  shift 29
	FUNCTION  shift 30
	IDENT  shift 31
	IF  shift 32
	LBRACKET  shift 33
	LET  shift 34
	LPAREN  shift 35
	MATCH  shift 36
	MINUS  shift 37
	MINUS_DOT  shift 38
	NOT  shift 39
	.  error

	expr  goto 40
	simple_expr  goto 41
	const  goto 42


state 22
	pattern_list : pattern pattern_list .  (56)

	.  reduce 56


state 23
	binding : rec_flag IDENT pattern_list EQUAL . expr  (6)

	CONST_BOOL  shift 26
	CONST_INT  shift 27
	CONST_FLOAT  shift 28
	CONST_STRING  shift 29
	FUNCTION  shift 30
	IDENT  shift 31
	IF  shift 32
	LBRACKET  shift 33
	LET  shift 34
	LPAREN  shift 35
	MATCH  shift 36
	MINUS  shift 37
	MINUS_DOT  shift 38
	NOT  shift 39
	.  error

	expr  goto 43
	simple_expr  goto 41
	const  goto 42


state 24
	pattern_comma_list : pattern COMMA . pattern_comma_list  (54)
	pattern_comma_list : pattern COMMA . pattern  (55)

	IDENT  shift 16
	LPAREN  shift 13
	UNDERSCORE  shift 14
	.  error

	pattern  goto 44
	pattern_comma_list  goto 45


state 25
	pattern : LPAREN pattern_comma_list RPAREN .  (9)

	.  reduce 9


state 26
	const : CONST_BOOL .  (39)

	.  reduce 39


state 27
	const : CONST_INT .  (40)

	.  reduce 40


state 28
	const : CONST_FLOAT .  (41)

	.  reduce 41


state 29
	const : CONST_STRING .  (42)

	.  reduce 42


state 30
	expr : FUNCTION . pattern MINUS_GT expr  (19)

	IDENT  shift 16
	LPAREN  shift 13
	UNDERSCORE  shift 14
	.  error

	pattern  goto 46


state 31
	simple_expr : IDENT .  (12)

	.  reduce 12


state 32
	expr : IF . expr THEN expr ELSE expr  (20)

	CONST_BOOL  shift 26
	CONST_INT  shift 27
	CONST_FLOAT  shift 28
	CONST_STRING  shift 29
	FUNCTION  shift 30
	IDENT  shift 31
	IF  shift 32
	LBRACKET  shift 33
	LET  shift 34
	LPAREN  shift 35
	MATCH  shift 36
	MINUS  shift 37
	MINUS_DOT  shift 38
	NOT  shift 39
	.  error

	expr  goto 47
	simple_expr  goto 41
	const  goto 42


state 33
	simple_expr : LBRACKET . expr_semi_list RBRACKET  (14)
	expr_semi_list : .  (51)

	CONST_BOOL  shift 26
	CONST_INT  shift 27
	CONST_FLOAT  shift 28
	CONST_STRING  shift 29
	FUNCTION  shift 30
	IDENT  shift 31
	IF  shift 32
	LBRACKET  shift 33
	LET  shift 34
	LPAREN  shift 35
	MATCH  shift 36
	MINUS  shift 37
	MINUS_DOT  shift 38
	NOT  shift 39
	RBRACKET  reduce 51

	expr  goto 48
	simple_expr  goto 41
	const  goto 42
	expr_semi_list  goto 49


state 34
	expr : LET . binding IN expr  (18)
	rec_flag : .  (43)

	REC  shift 7
	IDENT  reduce 43
	LPAREN  reduce 43
	UNDERSCORE  reduce 43

	binding  goto 50
	rec_flag  goto 9


state 35
	simple_expr : LPAREN . expr RPAREN  (10)
	simple_expr : LPAREN . expr_comma_list RPAREN  (13)
	const : LPAREN . RPAREN  (38)

	CONST_BOOL  shift 26
	CONST_INT  shift 27
	CONST_FLOAT  shift 28
	CONST_STRING  shift 29
	FUNCTION  shift 30
	IDENT  shift 31
	IF  shift 32
	LBRACKET  shift 33
	LET  shift 34
	LPAREN  shift 35
	MATCH  shift 36
	MINUS  shift 37
	MINUS_DOT  shift 38
	NOT  shift 39
	RPAREN  shift 51
	.  error

	expr  goto 52
	simple_expr  goto 41
	const  goto 42
	expr_comma_list  goto 53


state 36
	expr : MATCH . expr WITH opt_bar LBRACKET RBRACKET MINUS_GT expr BAR pattern COLONCOLON pattern MINUS_GT expr  (21)

	CONST_BOOL  shift 26
	CONST_INT  shift 27
	CONST_FLOAT  shift 28
	CONST_STRING  shift 29
	FUNCTION  shift 30
	IDENT  shift 31
	IF  shift 32
	LBRACKET  shift 33
	LET  shift 34
	LPAREN  shift 35
	MATCH  shift 36
	MINUS  shift 37
	MINUS_DOT  shift 38
	NOT  shift 39
	.  error

	expr  goto 54
	simple_expr  goto 41
	const  goto 42


state 37
	expr : MINUS . expr  (35)

	CONST_BOOL  shift 26
	CONST_INT  shift 27
	CONST_FLOAT  shift 28
	CONST_STRING  shift 29
	FUNCTION  shift 30
	IDENT  shift 31
	IF  shift 32
	LBRACKET  shift 33
	LET  shift 34
	LPAREN  shift 35
	MATCH  shift 36
	MINUS  shift 37
	MINUS_DOT  shift 38
	NOT  shift 39
	.  error

	expr  goto 55
	simple_expr  goto 41
	const  goto 42


state 38
	expr : MINUS_DOT . expr  (36)

	CONST_BOOL  shift 26
	CONST_INT  shift 27
	CONST_FLOAT  shift 28
	CONST_STRING  shift 29
	FUNCTION  shift 30
	IDENT  shift 31
	IF  shift 32
	LBRACKET  shift 33
	LET  shift 34
	LPAREN  shift 35
	MATCH  shift 36
	MINUS  shift 37
	MINUS_DOT  shift 38
	NOT  shift 39
	.  error

	expr  goto 56
	simple_expr  goto 41
	const  goto 42


state 39
	expr : NOT . expr  (37)

	CONST_BOOL  shift 26
	CONST_INT  shift 27
	CONST_FLOAT  shift 28
	CONST_STRING  shift 29
	FUNCTION  shift 30
	IDENT  shift 31
	IF  shift 32
	LBRACKET  shift 33
	LET  shift 34
	LPAREN  shift 35
	MATCH  shift 36
	MINUS  shift 37
	MINUS_DOT  shift 38
	NOT  shift 39
	.  error

	expr  goto 57
	simple_expr  goto 41
	const  goto 42


state 40
	binding : rec_flag pattern EQUAL expr .  (5)
	expr : expr . COLONCOLON expr  (17)
	expr : expr . PLUS expr  (22)
	expr : expr . PLUS_DOT expr  (23)
	expr : expr . MINUS expr  (24)
	expr : expr . MINUS_DOT expr  (25)
	expr : expr . STAR expr  (26)
	expr : expr . STAR_DOT expr  (27)
	expr : expr . SLASH expr  (28)
	expr : expr . SLASH_DOT expr  (29)
	expr : expr . COMP expr  (30)
	expr : expr . EQUAL expr  (31)
	expr : expr . NEQ expr  (32)
	expr : expr . AND expr  (33)
	expr : expr . OR expr  (34)

	AND  shift 58
	COLONCOLON  shift 59
	COMP  shift 60
	EQUAL  shift 61
	MINUS  shift 62
	MINUS_DOT  shift 63
	NEQ  shift 64
	OR  shift 65
	PLUS  shift 66
	PLUS_DOT  shift 67
	SLASH  shift 68
	SLASH_DOT  shift 69
	STAR  shift 70
	STAR_DOT  shift 71
	EOF  reduce 5
	IN  reduce 5
	LET  reduce 5


state 41
	expr : simple_expr .  (15)
	expr : simple_expr . simple_expr_list  (16)

	CONST_BOOL  shift 26
	CONST_INT  shift 27
	CONST_FLOAT  shift 28
	CONST_STRING  shift 29
	IDENT  shift 31
	LBRACKET  shift 33
	LPAREN  shift 35
	AND  reduce 15
	BAR  reduce 15
	COLONCOLON  reduce 15
	COMMA  reduce 15
	COMP  reduce 15
	ELSE  reduce 15
	EOF  reduce 15
	EQUAL  reduce 15
	IN  reduce 15
	LET  reduce 15
	MINUS  reduce 15
	MINUS_DOT  reduce 15
	NEQ  reduce 15
	OR  reduce 15
	PLUS  reduce 15
	PLUS_DOT  reduce 15
	RBRACKET  reduce 15
	RPAREN  reduce 15
	SEMI  reduce 15
	SLASH  reduce 15
	SLASH_DOT  reduce 15
	STAR  reduce 15
	STAR_DOT  reduce 15
	THEN  reduce 15
	WITH  reduce 15

	simple_expr  goto 72
	const  goto 42
	simple_expr_list  goto 73


state 42
	simple_expr : const .  (11)

	.  reduce 11


state 43
	binding : rec_flag IDENT pattern_list EQUAL expr .  (6)
	expr : expr . COLONCOLON expr  (17)
	expr : expr . PLUS expr  (22)
	expr : expr . PLUS_DOT expr  (23)
	expr : expr . MINUS expr  (24)
	expr : expr . MINUS_DOT expr  (25)
	expr : expr . STAR expr  (26)
	expr : expr . STAR_DOT expr  (27)
	expr : expr . SLASH expr  (28)
	expr : expr . SLASH_DOT expr  (29)
	expr : expr . COMP expr  (30)
	expr : expr . EQUAL expr  (31)
	expr : expr . NEQ expr  (32)
	expr : expr . AND expr  (33)
	expr : expr . OR expr  (34)

	AND  shift 58
	COLONCOLON  shift 59
	COMP  shift 60
	EQUAL  shift 61
	MINUS  shift 62
	MINUS_DOT  shift 63
	NEQ  shift 64
	OR  shift 65
	PLUS  shift 66
	PLUS_DOT  shift 67
	SLASH  shift 68
	SLASH_DOT  shift 69
	STAR  shift 70
	STAR_DOT  shift 71
	EOF  reduce 6
	IN  reduce 6
	LET  reduce 6


state 44
	pattern_comma_list : pattern . COMMA pattern_comma_list  (54)
	pattern_comma_list : pattern . COMMA pattern  (55)
	pattern_comma_list : pattern COMMA pattern .  (55)

	COMMA  shift 24
	RPAREN  reduce 55


state 45
	pattern_comma_list : pattern COMMA pattern_comma_list .  (54)

	.  reduce 54


state 46
	expr : FUNCTION pattern . MINUS_GT expr  (19)

	MINUS_GT  shift 74
	.  error


state 47
	expr : expr . COLONCOLON expr  (17)
	expr : IF expr . THEN expr ELSE expr  (20)
	expr : expr . PLUS expr  (22)
	expr : expr . PLUS_DOT expr  (23)
	expr : expr . MINUS expr  (24)
	expr : expr . MINUS_DOT expr  (25)
	expr : expr . STAR expr  (26)
	expr : expr . STAR_DOT expr  (27)
	expr : expr . SLASH expr  (28)
	expr : expr . SLASH_DOT expr  (29)
	expr : expr . COMP expr  (30)
	expr : expr . EQUAL expr  (31)
	expr : expr . NEQ expr  (32)
	expr : expr . AND expr  (33)
	expr : expr . OR expr  (34)

	AND  shift 58
	COLONCOLON  shift 59
	COMP  shift 60
	EQUAL  shift 61
	MINUS  shift 62
	MINUS_DOT  shift 63
	NEQ  shift 64
	OR  shift 65
	PLUS  shift 66
	PLUS_DOT  shift 67
	SLASH  shift 68
	SLASH_DOT  shift 69
	STAR  shift 70
	STAR_DOT  shift 71
	THEN  shift 75
	.  error


state 48
	expr : expr . COLONCOLON expr  (17)
	expr : expr . PLUS expr  (22)
	expr : expr . PLUS_DOT expr  (23)
	expr : expr . MINUS expr  (24)
	expr : expr . MINUS_DOT expr  (25)
	expr : expr . STAR expr  (26)
	expr : expr . STAR_DOT expr  (27)
	expr : expr . SLASH expr  (28)
	expr : expr . SLASH_DOT expr  (29)
	expr : expr . COMP expr  (30)
	expr : expr . EQUAL expr  (31)
	expr : expr . NEQ expr  (32)
	expr : expr . AND expr  (33)
	expr : expr . OR expr  (34)
	expr_semi_list : expr .  (52)
	expr_semi_list : expr . SEMI expr_semi_list  (53)

	AND  shift 58
	COLONCOLON  shift 59
	COMP  shift 60
	EQUAL  shift 61
	MINUS  shift 62
	MINUS_DOT  shift 63
	NEQ  shift 64
	OR  shift 65
	PLUS  shift 66
	PLUS_DOT  shift 67
	SEMI  shift 76
	SLASH  shift 68
	SLASH_DOT  shift 69
	STAR  shift 70
	STAR_DOT  shift 71
	RBRACKET  reduce 52


state 49
	simple_expr : LBRACKET expr_semi_list . RBRACKET  (14)

	RBRACKET  shift 77
	.  error


state 50
	expr : LET binding . IN expr  (18)

	IN  shift 78
	.  error


state 51
	const : LPAREN RPAREN .  (38)

	.  reduce 38


state 52
	simple_expr : LPAREN expr . RPAREN  (10)
	expr : expr . COLONCOLON expr  (17)
	expr : expr . PLUS expr  (22)
	expr : expr . PLUS_DOT expr  (23)
	expr : expr . MINUS expr  (24)
	expr : expr . MINUS_DOT expr  (25)
	expr : expr . STAR expr  (26)
	expr : expr . STAR_DOT expr  (27)
	expr : expr . SLASH expr  (28)
	expr : expr . SLASH_DOT expr  (29)
	expr : expr . COMP expr  (30)
	expr : expr . EQUAL expr  (31)
	expr : expr . NEQ expr  (32)
	expr : expr . AND expr  (33)
	expr : expr . OR expr  (34)
	expr_comma_list : expr . COMMA expr_comma_list  (49)
	expr_comma_list : expr . COMMA expr  (50)

	AND  shift 58
	COLONCOLON  shift 59
	COMMA  shift 79
	COMP  shift 60
	EQUAL  shift 61
	MINUS  shift 62
	MINUS_DOT  shift 63
	NEQ  shift 64
	OR  shift 65
	PLUS  shift 66
	PLUS_DOT  shift 67
	RPAREN  shift 80
	SLASH  shift 68
	SLASH_DOT  shift 69
	STAR  shift 70
	STAR_DOT  shift 71
	.  error


state 53
	simple_expr : LPAREN expr_comma_list . RPAREN  (13)

	RPAREN  shift 81
	.  error


state 54
	expr : expr . COLONCOLON expr  (17)
	expr : MATCH expr . WITH opt_bar LBRACKET RBRACKET MINUS_GT expr BAR pattern COLONCOLON pattern MINUS_GT expr  (21)
	expr : expr . PLUS expr  (22)
	expr : expr . PLUS_DOT expr  (23)
	expr : expr . MINUS expr  (24)
	expr : expr . MINUS_DOT expr  (25)
	expr : expr . STAR expr  (26)
	expr : expr . STAR_DOT expr  (27)
	expr : expr . SLASH expr  (28)
	expr : expr . SLASH_DOT expr  (29)
	expr : expr . COMP expr  (30)
	expr : expr . EQUAL expr  (31)
	expr : expr . NEQ expr  (32)
	expr : expr . AND expr  (33)
	expr : expr . OR expr  (34)

	AND  shift 58
	COLONCOLON  shift 59
	COMP  shift 60
	EQUAL  shift 61
	MINUS  shift 62
	MINUS_DOT  shift 63
	NEQ  shift 64
	OR  shift 65
	PLUS  shift 66
	PLUS_DOT  shift 67
	SLASH  shift 68
	SLASH_DOT  shift 69
	STAR  shift 70
	STAR_DOT  shift 71
	WITH  shift 82
	.  error


state 55
	expr : expr . COLONCOLON expr  (17)
	expr : expr . PLUS expr  (22)
	expr : expr . PLUS_DOT expr  (23)
	expr : expr . MINUS expr  (24)
	expr : expr . MINUS_DOT expr  (25)
	expr : expr . STAR expr  (26)
	expr : expr . STAR_DOT expr  (27)
	expr : expr . SLASH expr  (28)
	expr : expr . SLASH_DOT expr  (29)
	expr : expr . COMP expr  (30)
	expr : expr . EQUAL expr  (31)
	expr : expr . NEQ expr  (32)
	expr : expr . AND expr  (33)
	expr : expr . OR expr  (34)
	expr : MINUS expr .  (35)

	.  reduce 35


state 56
	expr : expr . COLONCOLON expr  (17)
	expr : expr . PLUS expr  (22)
	expr : expr . PLUS_DOT expr  (23)
	expr : expr . MINUS expr  (24)
	expr : expr . MINUS_DOT expr  (25)
	expr : expr . STAR expr  (26)
	expr : expr . STAR_DOT expr  (27)
	expr : expr . SLASH expr  (28)
	expr : expr . SLASH_DOT expr  (29)
	expr : expr . COMP expr  (30)
	expr : expr . EQUAL expr  (31)
	expr : expr . NEQ expr  (32)
	expr : expr . AND expr  (33)
	expr : expr . OR expr  (34)
	expr : MINUS_DOT expr .  (36)

	.  reduce 36


state 57
	expr : expr . COLONCOLON expr  (17)
	expr : expr . PLUS expr  (22)
	expr : expr . PLUS_DOT expr  (23)
	expr : expr . MINUS expr  (24)
	expr : expr . MINUS_DOT expr  (25)
	expr : expr . STAR expr  (26)
	expr : expr . STAR_DOT expr  (27)
	expr : expr . SLASH expr  (28)
	expr : expr . SLASH_DOT expr  (29)
	expr : expr . COMP expr  (30)
	expr : expr . EQUAL expr  (31)
	expr : expr . NEQ expr  (32)
	expr : expr . AND expr  (33)
	expr : expr . OR expr  (34)
	expr : NOT expr .  (37)

	.  reduce 37


state 58
	expr : expr AND . expr  (33)

	CONST_BOOL  shift 26
	CONST_INT  shift 27
	CONST_FLOAT  shift 28
	CONST_STRING  shift 29
	FUNCTION  shift 30
	IDENT  shift 31
	IF  shift 32
	LBRACKET  shift 33
	LET  shift 34
	LPAREN  shift 35
	MATCH  shift 36
	MINUS  shift 37
	MINUS_DOT  shift 38
	NOT  shift 39
	.  error

	expr  goto 83
	simple_expr  goto 41
	const  goto 42


state 59
	expr : expr COLONCOLON . expr  (17)

	CONST_BOOL  shift 26
	CONST_INT  shift 27
	CONST_FLOAT  shift 28
	CONST_STRING  shift 29
	FUNCTION  shift 30
	IDENT  shift 31
	IF  shift 32
	LBRACKET  shift 33
	LET  shift 34
	LPAREN  shift 35
	MATCH  shift 36
	MINUS  shift 37
	MINUS_DOT  shift 38
	NOT  shift 39
	.  error

	expr  goto 84
	simple_expr  goto 41
	const  goto 42


state 60
	expr : expr COMP . expr  (30)

	CONST_BOOL  shift 26
	CONST_INT  shift 27
	CONST_FLOAT  shift 28
	CONST_STRING  shift 29
	FUNCTION  shift 30
	IDENT  shift 31
	IF  shift 32
	LBRACKET  shift 33
	LET  shift 34
	LPAREN  shift 35
	MATCH  shift 36
	MINUS  shift 37
	MINUS_DOT  shift 38
	NOT  shift 39
	.  error

	expr  goto 85
	simple_expr  goto 41
	const  goto 42


state 61
	expr : expr EQUAL . expr  (31)

	CONST_BOOL  shift 26
	CONST_INT  shift 27
	CONST_FLOAT  shift 28
	CONST_STRING  shift 29
	FUNCTION  shift 30
	IDENT  shift 31
	IF  shift 32
	LBRACKET  shift 33
	LET  shift 34
	LPAREN  shift 35
	MATCH  shift 36
	MINUS  shift 37
	MINUS_DOT  shift 38
	NOT  shift 39
	.  error

	expr  goto 86
	simple_expr  goto 41
	const  goto 42


state 62
	expr : expr MINUS . expr  (24)

	CONST_BOOL  shift 26
	CONST_INT  shift 27
	CONST_FLOAT  shift 28
	CONST_STRING  shift 29
	FUNCTION  shift 30
	IDENT  shift 31
	IF  shift 32
	LBRACKET  shift 33
	LET  shift 34
	LPAREN  shift 35
	MATCH  shift 36
	MINUS  shift 37
	MINUS_DOT  shift 38
	NOT  shift 39
	.  error

	expr  goto 87
	simple_expr  goto 41
	const  goto 42


state 63
	expr : expr MINUS_DOT . expr  (25)

	CONST_BOOL  shift 26
	CONST_INT  shift 27
	CONST_FLOAT  shift 28
	CONST_STRING  shift 29
	FUNCTION  shift 30
	IDENT  shift 31
	IF  shift 32
	LBRACKET  shift 33
	LET  shift 34
	LPAREN  shift 35
	MATCH  shift 36
	MINUS  shift 37
	MINUS_DOT  shift 38
	NOT  shift 39
	.  error

	expr  goto 88
	simple_expr  goto 41
	const  goto 42


state 64
	expr : expr NEQ . expr  (32)

	CONST_BOOL  shift 26
	CONST_INT  shift 27
	CONST_FLOAT  shift 28
	CONST_STRING  shift 29
	FUNCTION  shift 30
	IDENT  shift 31
	IF  shift 32
	LBRACKET  shift 33
	LET  shift 34
	LPAREN  shift 35
	MATCH  shift 36
	MINUS  shift 37
	MINUS_DOT  shift 38
	NOT  shift 39
	.  error

	expr  goto 89
	simple_expr  goto 41
	const  goto 42


state 65
	expr : expr OR . expr  (34)

	CONST_BOOL  shift 26
	CONST_INT  shift 27
	CONST_FLOAT  shift 28
	CONST_STRING  shift 29
	FUNCTION  shift 30
	IDENT  shift 31
	IF  shift 32
	LBRACKET  shift 33
	LET  shift 34
	LPAREN  shift 35
	MATCH  shift 36
	MINUS  shift 37
	MINUS_DOT  shift 38
	NOT  shift 39
	.  error

	expr  goto 90
	simple_expr  goto 41
	const  goto 42


state 66
	expr : expr PLUS . expr  (22)

	CONST_BOOL  shift 26
	CONST_INT  shift 27
	CONST_FLOAT  shift 28
	CONST_STRING  shift 29
	FUNCTION  shift 30
	IDENT  shift 31
	IF  shift 32
	LBRACKET  shift 33
	LET  shift 34
	LPAREN  shift 35
	MATCH  shift 36
	MINUS  shift 37
	MINUS_DOT  shift 38
	NOT  shift 39
	.  error

	expr  goto 91
	simple_expr  goto 41
	const  goto 42


state 67
	expr : expr PLUS_DOT . expr  (23)

	CONST_BOOL  shift 26
	CONST_INT  shift 27
	CONST_FLOAT  shift 28
	CONST_STRING  shift 29
	FUNCTION  shift 30
	IDENT  shift 31
	IF  shift 32
	LBRACKET  shift 33
	LET  shift 34
	LPAREN  shift 35
	MATCH  shift 36
	MINUS  shift 37
	MINUS_DOT  shift 38
	NOT  shift 39
	.  error

	expr  goto 92
	simple_expr  goto 41
	const  goto 42


state 68
	expr : expr SLASH . expr  (28)

	CONST_BOOL  shift 26
	CONST_INT  shift 27
	CONST_FLOAT  shift 28
	CONST_STRING  shift 29
	FUNCTION  shift 30
	IDENT  shift 31
	IF  shift 32
	LBRACKET  shift 33
	LET  shift 34
	LPAREN  shift 35
	MATCH  shift 36
	MINUS  shift 37
	MINUS_DOT  shift 38
	NOT  shift 39
	.  error

	expr  goto 93
	simple_expr  goto 41
	const  goto 42


state 69
	expr : expr SLASH_DOT . expr  (29)

	CONST_BOOL  shift 26
	CONST_INT  shift 27
	CONST_FLOAT  shift 28
	CONST_STRING  shift 29
	FUNCTION  shift 30
	IDENT  shift 31
	IF  shift 32
	LBRACKET  shift 33
	LET  shift 34
	LPAREN  shift 35
	MATCH  shift 36
	MINUS  shift 37
	MINUS_DOT  shift 38
	NOT  shift 39
	.  error

	expr  goto 94
	simple_expr  goto 41
	const  goto 42


state 70
	expr : expr STAR . expr  (26)

	CONST_BOOL  shift 26
	CONST_INT  shift 27
	CONST_FLOAT  shift 28
	CONST_STRING  shift 29
	FUNCTION  shift 30
	IDENT  shift 31
	IF  shift 32
	LBRACKET  shift 33
	LET  shift 34
	LPAREN  shift 35
	MATCH  shift 36
	MINUS  shift 37
	MINUS_DOT  shift 38
	NOT  shift 39
	.  error

	expr  goto 95
	simple_expr  goto 41
	const  goto 42


state 71
	expr : expr STAR_DOT . expr  (27)

	CONST_BOOL  shift 26
	CONST_INT  shift 27
	CONST_FLOAT  shift 28
	CONST_STRING  shift 29
	FUNCTION  shift 30
	IDENT  shift 31
	IF  shift 32
	LBRACKET  shift 33
	LET  shift 34
	LPAREN  shift 35
	MATCH  shift 36
	MINUS  shift 37
	MINUS_DOT  shift 38
	NOT  shift 39
	.  error

	expr  goto 96
	simple_expr  goto 41
	const  goto 42


state 72
	simple_expr_list : simple_expr . simple_expr_list  (47)
	simple_expr_list : simple_expr .  (48)

	CONST_BOOL  shift 26
	CONST_INT  shift 27
	CONST_FLOAT  shift 28
	CONST_STRING  shift 29
	IDENT  shift 31
	LBRACKET  shift 33
	LPAREN  shift 35
	AND  reduce 48
	BAR  reduce 48
	COLONCOLON  reduce 48
	COMMA  reduce 48
	COMP  reduce 48
	ELSE  reduce 48
	EOF  reduce 48
	EQUAL  reduce 48
	IN  reduce 48
	LET  reduce 48
	MINUS  reduce 48
	MINUS_DOT  reduce 48
	NEQ  reduce 48
	OR  reduce 48
	PLUS  reduce 48
	PLUS_DOT  reduce 48
	RBRACKET  reduce 48
	RPAREN  reduce 48
	SEMI  reduce 48
	SLASH  reduce 48
	SLASH_DOT  reduce 48
	STAR  reduce 48
	STAR_DOT  reduce 48
	THEN  reduce 48
	WITH  reduce 48

	simple_expr  goto 72
	const  goto 42
	simple_expr_list  goto 97


state 73
	expr : simple_expr simple_expr_list .  (16)

	.  reduce 16


state 74
	expr : FUNCTION pattern MINUS_GT . expr  (19)

	CONST_BOOL  shift 26
	CONST_INT  shift 27
	CONST_FLOAT  shift 28
	CONST_STRING  shift 29
	FUNCTION  shift 30
	IDENT  shift 31
	IF  shift 32
	LBRACKET  shift 33
	LET  shift 34
	LPAREN  shift 35
	MATCH  shift 36
	MINUS  shift 37
	MINUS_DOT  shift 38
	NOT  shift 39
	.  error

	expr  goto 98
	simple_expr  goto 41
	const  goto 42


state 75
	expr : IF expr THEN . expr ELSE expr  (20)

	CONST_BOOL  shift 26
	CONST_INT  shift 27
	CONST_FLOAT  shift 28
	CONST_STRING  shift 29
	FUNCTION  shift 30
	IDENT  shift 31
	IF  shift 32
	LBRACKET  shift 33
	LET  shift 34
	LPAREN  shift 35
	MATCH  shift 36
	MINUS  shift 37
	MINUS_DOT  shift 38
	NOT  shift 39
	.  error

	expr  goto 99
	simple_expr  goto 41
	const  goto 42


state 76
	expr_semi_list : expr SEMI . expr_semi_list  (53)
	expr_semi_list : .  (51)

	CONST_BOOL  shift 26
	CONST_INT  shift 27
	CONST_FLOAT  shift 28
	CONST_STRING  shift 29
	FUNCTION  shift 30
	IDENT  shift 31
	IF  shift 32
	LBRACKET  shift 33
	LET  shift 34
	LPAREN  shift 35
	MATCH  shift 36
	MINUS  shift 37
	MINUS_DOT  shift 38
	NOT  shift 39
	RBRACKET  reduce 51

	expr  goto 48
	simple_expr  goto 41
	const  goto 42
	expr_semi_list  goto 100


state 77
	simple_expr : LBRACKET expr_semi_list RBRACKET .  (14)

	.  reduce 14


state 78
	expr : LET binding IN . expr  (18)

	CONST_BOOL  shift 26
	CONST_INT  shift 27
	CONST_FLOAT  shift 28
	CONST_STRING  shift 29
	FUNCTION  shift 30
	IDENT  shift 31
	IF  shift 32
	LBRACKET  shift 33
	LET  shift 34
	LPAREN  shift 35
	MATCH  shift 36
	MINUS  shift 37
	MINUS_DOT  shift 38
	NOT  shift 39
	.  error

	expr  goto 101
	simple_expr  goto 41
	const  goto 42


state 79
	expr_comma_list : expr COMMA . expr_comma_list  (49)
	expr_comma_list : expr COMMA . expr  (50)

	CONST_BOOL  shift 26
	CONST_INT  shift 27
	CONST_FLOAT  shift 28
	CONST_STRING  shift 29
	FUNCTION  shift 30
	IDENT  shift 31
	IF  shift 32
	LBRACKET  shift 33
	LET  shift 34
	LPAREN  shift 35
	MATCH  shift 36
	MINUS  shift 37
	MINUS_DOT  shift 38
	NOT  shift 39
	.  error

	expr  goto 102
	simple_expr  goto 41
	const  goto 42
	expr_comma_list  goto 103


state 80
	simple_expr : LPAREN expr RPAREN .  (10)

	.  reduce 10


state 81
	simple_expr : LPAREN expr_comma_list RPAREN .  (13)

	.  reduce 13


state 82
	expr : MATCH expr WITH . opt_bar LBRACKET RBRACKET MINUS_GT expr BAR pattern COLONCOLON pattern MINUS_GT expr  (21)
	opt_bar : .  (45)

	BAR  shift 104
	LBRACKET  reduce 45

	opt_bar  goto 105


state 83
	expr : expr . COLONCOLON expr  (17)
	expr : expr . PLUS expr  (22)
	expr : expr . PLUS_DOT expr  (23)
	expr : expr . MINUS expr  (24)
	expr : expr . MINUS_DOT expr  (25)
	expr : expr . STAR expr  (26)
	expr : expr . STAR_DOT expr  (27)
	expr : expr . SLASH expr  (28)
	expr : expr . SLASH_DOT expr  (29)
	expr : expr . COMP expr  (30)
	expr : expr . EQUAL expr  (31)
	expr : expr . NEQ expr  (32)
	expr : expr . AND expr  (33)
	expr : expr AND expr .  (33)
	expr : expr . OR expr  (34)

	COLONCOLON  shift 59
	COMP  shift 60
	EQUAL  shift 61
	MINUS  shift 62
	MINUS_DOT  shift 63
	NEQ  shift 64
	PLUS  shift 66
	PLUS_DOT  shift 67
	SLASH  shift 68
	SLASH_DOT  shift 69
	STAR  shift 70
	STAR_DOT  shift 71
	AND  reduce 33
	BAR  reduce 33
	COMMA  reduce 33
	ELSE  reduce 33
	EOF  reduce 33
	IN  reduce 33
	LET  reduce 33
	OR  reduce 33
	RBRACKET  reduce 33
	RPAREN  reduce 33
	SEMI  reduce 33
	THEN  reduce 33
	WITH  reduce 33


state 84
	expr : expr . COLONCOLON expr  (17)
	expr : expr COLONCOLON expr .  (17)
	expr : expr . PLUS expr  (22)
	expr : expr . PLUS_DOT expr  (23)
	expr : expr . MINUS expr  (24)
	expr : expr . MINUS_DOT expr  (25)
	expr : expr . STAR expr  (26)
	expr : expr . STAR_DOT expr  (27)
	expr : expr . SLASH expr  (28)
	expr : expr . SLASH_DOT expr  (29)
	expr : expr . COMP expr  (30)
	expr : expr . EQUAL expr  (31)
	expr : expr . NEQ expr  (32)
	expr : expr . AND expr  (33)
	expr : expr . OR expr  (34)

	COLONCOLON  shift 59
	MINUS  shift 62
	MINUS_DOT  shift 63
	PLUS  shift 66
	PLUS_DOT  shift 67
	SLASH  shift 68
	SLASH_DOT  shift 69
	STAR  shift 70
	STAR_DOT  shift 71
	AND  reduce 17
	BAR  reduce 17
	COMMA  reduce 17
	COMP  reduce 17
	ELSE  reduce 17
	EOF  reduce 17
	EQUAL  reduce 17
	IN  reduce 17
	LET  reduce 17
	NEQ  reduce 17
	OR  reduce 17
	RBRACKET  reduce 17
	RPAREN  reduce 17
	SEMI  reduce 17
	THEN  reduce 17
	WITH  reduce 17


state 85
	expr : expr . COLONCOLON expr  (17)
	expr : expr . PLUS expr  (22)
	expr : expr . PLUS_DOT expr  (23)
	expr : expr . MINUS expr  (24)
	expr : expr . MINUS_DOT expr  (25)
	expr : expr . STAR expr  (26)
	expr : expr . STAR_DOT expr  (27)
	expr : expr . SLASH expr  (28)
	expr : expr . SLASH_DOT expr  (29)
	expr : expr . COMP expr  (30)
	expr : expr COMP expr .  (30)
	expr : expr . EQUAL expr  (31)
	expr : expr . NEQ expr  (32)
	expr : expr . AND expr  (33)
	expr : expr . OR expr  (34)

	COLONCOLON  shift 59
	MINUS  shift 62
	MINUS_DOT  shift 63
	PLUS  shift 66
	PLUS_DOT  shift 67
	SLASH  shift 68
	SLASH_DOT  shift 69
	STAR  shift 70
	STAR_DOT  shift 71
	AND  reduce 30
	BAR  reduce 30
	COMMA  reduce 30
	COMP  reduce 30
	ELSE  reduce 30
	EOF  reduce 30
	EQUAL  reduce 30
	IN  reduce 30
	LET  reduce 30
	NEQ  reduce 30
	OR  reduce 30
	RBRACKET  reduce 30
	RPAREN  reduce 30
	SEMI  reduce 30
	THEN  reduce 30
	WITH  reduce 30


state 86
	expr : expr . COLONCOLON expr  (17)
	expr : expr . PLUS expr  (22)
	expr : expr . PLUS_DOT expr  (23)
	expr : expr . MINUS expr  (24)
	expr : expr . MINUS_DOT expr  (25)
	expr : expr . STAR expr  (26)
	expr : expr . STAR_DOT expr  (27)
	expr : expr . SLASH expr  (28)
	expr : expr . SLASH_DOT expr  (29)
	expr : expr . COMP expr  (30)
	expr : expr . EQUAL expr  (31)
	expr : expr EQUAL expr .  (31)
	expr : expr . NEQ expr  (32)
	expr : expr . AND expr  (33)
	expr : expr . OR expr  (34)

	COLONCOLON  shift 59
	MINUS  shift 62
	MINUS_DOT  shift 63
	PLUS  shift 66
	PLUS_DOT  shift 67
	SLASH  shift 68
	SLASH_DOT  shift 69
	STAR  shift 70
	STAR_DOT  shift 71
	AND  reduce 31
	BAR  reduce 31
	COMMA  reduce 31
	COMP  reduce 31
	ELSE  reduce 31
	EOF  reduce 31
	EQUAL  reduce 31
	IN  reduce 31
	LET  reduce 31
	NEQ  reduce 31
	OR  reduce 31
	RBRACKET  reduce 31
	RPAREN  reduce 31
	SEMI  reduce 31
	THEN  reduce 31
	WITH  reduce 31


state 87
	expr : expr . COLONCOLON expr  (17)
	expr : expr . PLUS expr  (22)
	expr : expr . PLUS_DOT expr  (23)
	expr : expr . MINUS expr  (24)
	expr : expr MINUS expr .  (24)
	expr : expr . MINUS_DOT expr  (25)
	expr : expr . STAR expr  (26)
	expr : expr . STAR_DOT expr  (27)
	expr : expr . SLASH expr  (28)
	expr : expr . SLASH_DOT expr  (29)
	expr : expr . COMP expr  (30)
	expr : expr . EQUAL expr  (31)
	expr : expr . NEQ expr  (32)
	expr : expr . AND expr  (33)
	expr : expr . OR expr  (34)

	SLASH  shift 68
	SLASH_DOT  shift 69
	STAR  shift 70
	STAR_DOT  shift 71
	AND  reduce 24
	BAR  reduce 24
	COLONCOLON  reduce 24
	COMMA  reduce 24
	COMP  reduce 24
	ELSE  reduce 24
	EOF  reduce 24
	EQUAL  reduce 24
	IN  reduce 24
	LET  reduce 24
	MINUS  reduce 24
	MINUS_DOT  reduce 24
	NEQ  reduce 24
	OR  reduce 24
	PLUS  reduce 24
	PLUS_DOT  reduce 24
	RBRACKET  reduce 24
	RPAREN  reduce 24
	SEMI  reduce 24
	THEN  reduce 24
	WITH  reduce 24


state 88
	expr : expr . COLONCOLON expr  (17)
	expr : expr . PLUS expr  (22)
	expr : expr . PLUS_DOT expr  (23)
	expr : expr . MINUS expr  (24)
	expr : expr . MINUS_DOT expr  (25)
	expr : expr MINUS_DOT expr .  (25)
	expr : expr . STAR expr  (26)
	expr : expr . STAR_DOT expr  (27)
	expr : expr . SLASH expr  (28)
	expr : expr . SLASH_DOT expr  (29)
	expr : expr . COMP expr  (30)
	expr : expr . EQUAL expr  (31)
	expr : expr . NEQ expr  (32)
	expr : expr . AND expr  (33)
	expr : expr . OR expr  (34)

	SLASH  shift 68
	SLASH_DOT  shift 69
	STAR  shift 70
	STAR_DOT  shift 71
	AND  reduce 25
	BAR  reduce 25
	COLONCOLON  reduce 25
	COMMA  reduce 25
	COMP  reduce 25
	ELSE  reduce 25
	EOF  reduce 25
	EQUAL  reduce 25
	IN  reduce 25
	LET  reduce 25
	MINUS  reduce 25
	MINUS_DOT  reduce 25
	NEQ  reduce 25
	OR  reduce 25
	PLUS  reduce 25
	PLUS_DOT  reduce 25
	RBRACKET  reduce 25
	RPAREN  reduce 25
	SEMI  reduce 25
	THEN  reduce 25
	WITH  reduce 25


state 89
	expr : expr . COLONCOLON expr  (17)
	expr : expr . PLUS expr  (22)
	expr : expr . PLUS_DOT expr  (23)
	expr : expr . MINUS expr  (24)
	expr : expr . MINUS_DOT expr  (25)
	expr : expr . STAR expr  (26)
	expr : expr . STAR_DOT expr  (27)
	expr : expr . SLASH expr  (28)
	expr : expr . SLASH_DOT expr  (29)
	expr : expr . COMP expr  (30)
	expr : expr . EQUAL expr  (31)
	expr : expr . NEQ expr  (32)
	expr : expr NEQ expr .  (32)
	expr : expr . AND expr  (33)
	expr : expr . OR expr  (34)

	COLONCOLON  shift 59
	MINUS  shift 62
	MINUS_DOT  shift 63
	PLUS  shift 66
	PLUS_DOT  shift 67
	SLASH  shift 68
	SLASH_DOT  shift 69
	STAR  shift 70
	STAR_DOT  shift 71
	AND  reduce 32
	BAR  reduce 32
	COMMA  reduce 32
	COMP  reduce 32
	ELSE  reduce 32
	EOF  reduce 32
	EQUAL  reduce 32
	IN  reduce 32
	LET  reduce 32
	NEQ  reduce 32
	OR  reduce 32
	RBRACKET  reduce 32
	RPAREN  reduce 32
	SEMI  reduce 32
	THEN  reduce 32
	WITH  reduce 32


state 90
	expr : expr . COLONCOLON expr  (17)
	expr : expr . PLUS expr  (22)
	expr : expr . PLUS_DOT expr  (23)
	expr : expr . MINUS expr  (24)
	expr : expr . MINUS_DOT expr  (25)
	expr : expr . STAR expr  (26)
	expr : expr . STAR_DOT expr  (27)
	expr : expr . SLASH expr  (28)
	expr : expr . SLASH_DOT expr  (29)
	expr : expr . COMP expr  (30)
	expr : expr . EQUAL expr  (31)
	expr : expr . NEQ expr  (32)
	expr : expr . AND expr  (33)
	expr : expr . OR expr  (34)
	expr : expr OR expr .  (34)

	AND  shift 58
	COLONCOLON  shift 59
	COMP  shift 60
	EQUAL  shift 61
	MINUS  shift 62
	MINUS_DOT  shift 63
	NEQ  shift 64
	PLUS  shift 66
	PLUS_DOT  shift 67
	SLASH  shift 68
	SLASH_DOT  shift 69
	STAR  shift 70
	STAR_DOT  shift 71
	BAR  reduce 34
	COMMA  reduce 34
	ELSE  reduce 34
	EOF  reduce 34
	IN  reduce 34
	LET  reduce 34
	OR  reduce 34
	RBRACKET  reduce 34
	RPAREN  reduce 34
	SEMI  reduce 34
	THEN  reduce 34
	WITH  reduce 34


state 91
	expr : expr . COLONCOLON expr  (17)
	expr : expr . PLUS expr  (22)
	expr : expr PLUS expr .  (22)
	expr : expr . PLUS_DOT expr  (23)
	expr : expr . MINUS expr  (24)
	expr : expr . MINUS_DOT expr  (25)
	expr : expr . STAR expr  (26)
	expr : expr . STAR_DOT expr  (27)
	expr : expr . SLASH expr  (28)
	expr : expr . SLASH_DOT expr  (29)
	expr : expr . COMP expr  (30)
	expr : expr . EQUAL expr  (31)
	expr : expr . NEQ expr  (32)
	expr : expr . AND expr  (33)
	expr : expr . OR expr  (34)

	SLASH  shift 68
	SLASH_DOT  shift 69
	STAR  shift 70
	STAR_DOT  shift 71
	AND  reduce 22
	BAR  reduce 22
	COLONCOLON  reduce 22
	COMMA  reduce 22
	COMP  reduce 22
	ELSE  reduce 22
	EOF  reduce 22
	EQUAL  reduce 22
	IN  reduce 22
	LET  reduce 22
	MINUS  reduce 22
	MINUS_DOT  reduce 22
	NEQ  reduce 22
	OR  reduce 22
	PLUS  reduce 22
	PLUS_DOT  reduce 22
	RBRACKET  reduce 22
	RPAREN  reduce 22
	SEMI  reduce 22
	THEN  reduce 22
	WITH  reduce 22


state 92
	expr : expr . COLONCOLON expr  (17)
	expr : expr . PLUS expr  (22)
	expr : expr . PLUS_DOT expr  (23)
	expr : expr PLUS_DOT expr .  (23)
	expr : expr . MINUS expr  (24)
	expr : expr . MINUS_DOT expr  (25)
	expr : expr . STAR expr  (26)
	expr : expr . STAR_DOT expr  (27)
	expr : expr . SLASH expr  (28)
	expr : expr . SLASH_DOT expr  (29)
	expr : expr . COMP expr  (30)
	expr : expr . EQUAL expr  (31)
	expr : expr . NEQ expr  (32)
	expr : expr . AND expr  (33)
	expr : expr . OR expr  (34)

	SLASH  shift 68
	SLASH_DOT  shift 69
	STAR  shift 70
	STAR_DOT  shift 71
	AND  reduce 23
	BAR  reduce 23
	COLONCOLON  reduce 23
	COMMA  reduce 23
	COMP  reduce 23
	ELSE  reduce 23
	EOF  reduce 23
	EQUAL  reduce 23
	IN  reduce 23
	LET  reduce 23
	MINUS  reduce 23
	MINUS_DOT  reduce 23
	NEQ  reduce 23
	OR  reduce 23
	PLUS  reduce 23
	PLUS_DOT  reduce 23
	RBRACKET  reduce 23
	RPAREN  reduce 23
	SEMI  reduce 23
	THEN  reduce 23
	WITH  reduce 23


state 93
	expr : expr . COLONCOLON expr  (17)
	expr : expr . PLUS expr  (22)
	expr : expr . PLUS_DOT expr  (23)
	expr : expr . MINUS expr  (24)
	expr : expr . MINUS_DOT expr  (25)
	expr : expr . STAR expr  (26)
	expr : expr . STAR_DOT expr  (27)
	expr : expr . SLASH expr  (28)
	expr : expr SLASH expr .  (28)
	expr : expr . SLASH_DOT expr  (29)
	expr : expr . COMP expr  (30)
	expr : expr . EQUAL expr  (31)
	expr : expr . NEQ expr  (32)
	expr : expr . AND expr  (33)
	expr : expr . OR expr  (34)

	.  reduce 28


state 94
	expr : expr . COLONCOLON expr  (17)
	expr : expr . PLUS expr  (22)
	expr : expr . PLUS_DOT expr  (23)
	expr : expr . MINUS expr  (24)
	expr : expr . MINUS_DOT expr  (25)
	expr : expr . STAR expr  (26)
	expr : expr . STAR_DOT expr  (27)
	expr : expr . SLASH expr  (28)
	expr : expr . SLASH_DOT expr  (29)
	expr : expr SLASH_DOT expr .  (29)
	expr : expr . COMP expr  (30)
	expr : expr . EQUAL expr  (31)
	expr : expr . NEQ expr  (32)
	expr : expr . AND expr  (33)
	expr : expr . OR expr  (34)

	.  reduce 29


state 95
	expr : expr . COLONCOLON expr  (17)
	expr : expr . PLUS expr  (22)
	expr : expr . PLUS_DOT expr  (23)
	expr : expr . MINUS expr  (24)
	expr : expr . MINUS_DOT expr  (25)
	expr : expr . STAR expr  (26)
	expr : expr STAR expr .  (26)
	expr : expr . STAR_DOT expr  (27)
	expr : expr . SLASH expr  (28)
	expr : expr . SLASH_DOT expr  (29)
	expr : expr . COMP expr  (30)
	expr : expr . EQUAL expr  (31)
	expr : expr . NEQ expr  (32)
	expr : expr . AND expr  (33)
	expr : expr . OR expr  (34)

	.  reduce 26


state 96
	expr : expr . COLONCOLON expr  (17)
	expr : expr . PLUS expr  (22)
	expr : expr . PLUS_DOT expr  (23)
	expr : expr . MINUS expr  (24)
	expr : expr . MINUS_DOT expr  (25)
	expr : expr . STAR expr  (26)
	expr : expr . STAR_DOT expr  (27)
	expr : expr STAR_DOT expr .  (27)
	expr : expr . SLASH expr  (28)
	expr : expr . SLASH_DOT expr  (29)
	expr : expr . COMP expr  (30)
	expr : expr . EQUAL expr  (31)
	expr : expr . NEQ expr  (32)
	expr : expr . AND expr  (33)
	expr : expr . OR expr  (34)

	.  reduce 27


state 97
	simple_expr_list : simple_expr simple_expr_list .  (47)

	.  reduce 47


state 98
	expr : expr . COLONCOLON expr  (17)
	expr : FUNCTION pattern MINUS_GT expr .  (19)
	expr : expr . PLUS expr  (22)
	expr : expr . PLUS_DOT expr  (23)
	expr : expr . MINUS expr  (24)
	expr : expr . MINUS_DOT expr  (25)
	expr : expr . STAR expr  (26)
	expr : expr . STAR_DOT expr  (27)
	expr : expr . SLASH expr  (28)
	expr : expr . SLASH_DOT expr  (29)
	expr : expr . COMP expr  (30)
	expr : expr . EQUAL expr  (31)
	expr : expr . NEQ expr  (32)
	expr : expr . AND expr  (33)
	expr : expr . OR expr  (34)

	AND  shift 58
	COLONCOLON  shift 59
	COMP  shift 60
	EQUAL  shift 61
	MINUS  shift 62
	MINUS_DOT  shift 63
	NEQ  shift 64
	OR  shift 65
	PLUS  shift 66
	PLUS_DOT  shift 67
	SLASH  shift 68
	SLASH_DOT  shift 69
	STAR  shift 70
	STAR_DOT  shift 71
	BAR  reduce 19
	COMMA  reduce 19
	ELSE  reduce 19
	EOF  reduce 19
	IN  reduce 19
	LET  reduce 19
	RBRACKET  reduce 19
	RPAREN  reduce 19
	SEMI  reduce 19
	THEN  reduce 19
	WITH  reduce 19


state 99
	expr : expr . COLONCOLON expr  (17)
	expr : IF expr THEN expr . ELSE expr  (20)
	expr : expr . PLUS expr  (22)
	expr : expr . PLUS_DOT expr  (23)
	expr : expr . MINUS expr  (24)
	expr : expr . MINUS_DOT expr  (25)
	expr : expr . STAR expr  (26)
	expr : expr . STAR_DOT expr  (27)
	expr : expr . SLASH expr  (28)
	expr : expr . SLASH_DOT expr  (29)
	expr : expr . COMP expr  (30)
	expr : expr . EQUAL expr  (31)
	expr : expr . NEQ expr  (32)
	expr : expr . AND expr  (33)
	expr : expr . OR expr  (34)

	AND  shift 58
	COLONCOLON  shift 59
	COMP  shift 60
	ELSE  shift 106
	EQUAL  shift 61
	MINUS  shift 62
	MINUS_DOT  shift 63
	NEQ  shift 64
	OR  shift 65
	PLUS  shift 66
	PLUS_DOT  shift 67
	SLASH  shift 68
	SLASH_DOT  shift 69
	STAR  shift 70
	STAR_DOT  shift 71
	.  error


state 100
	expr_semi_list : expr SEMI expr_semi_list .  (53)

	.  reduce 53


state 101
	expr : expr . COLONCOLON expr  (17)
	expr : LET binding IN expr .  (18)
	expr : expr . PLUS expr  (22)
	expr : expr . PLUS_DOT expr  (23)
	expr : expr . MINUS expr  (24)
	expr : expr . MINUS_DOT expr  (25)
	expr : expr . STAR expr  (26)
	expr : expr . STAR_DOT expr  (27)
	expr : expr . SLASH expr  (28)
	expr : expr . SLASH_DOT expr  (29)
	expr : expr . COMP expr  (30)
	expr : expr . EQUAL expr  (31)
	expr : expr . NEQ expr  (32)
	expr : expr . AND expr  (33)
	expr : expr . OR expr  (34)

	AND  shift 58
	COLONCOLON  shift 59
	COMP  shift 60
	EQUAL  shift 61
	MINUS  shift 62
	MINUS_DOT  shift 63
	NEQ  shift 64
	OR  shift 65
	PLUS  shift 66
	PLUS_DOT  shift 67
	SLASH  shift 68
	SLASH_DOT  shift 69
	STAR  shift 70
	STAR_DOT  shift 71
	BAR  reduce 18
	COMMA  reduce 18
	ELSE  reduce 18
	EOF  reduce 18
	IN  reduce 18
	LET  reduce 18
	RBRACKET  reduce 18
	RPAREN  reduce 18
	SEMI  reduce 18
	THEN  reduce 18
	WITH  reduce 18


state 102
	expr : expr . COLONCOLON expr  (17)
	expr : expr . PLUS expr  (22)
	expr : expr . PLUS_DOT expr  (23)
	expr : expr . MINUS expr  (24)
	expr : expr . MINUS_DOT expr  (25)
	expr : expr . STAR expr  (26)
	expr : expr . STAR_DOT expr  (27)
	expr : expr . SLASH expr  (28)
	expr : expr . SLASH_DOT expr  (29)
	expr : expr . COMP expr  (30)
	expr : expr . EQUAL expr  (31)
	expr : expr . NEQ expr  (32)
	expr : expr . AND expr  (33)
	expr : expr . OR expr  (34)
	expr_comma_list : expr . COMMA expr_comma_list  (49)
	expr_comma_list : expr . COMMA expr  (50)
	expr_comma_list : expr COMMA expr .  (50)

	AND  shift 58
	COLONCOLON  shift 59
	COMMA  shift 79
	COMP  shift 60
	EQUAL  shift 61
	MINUS  shift 62
	MINUS_DOT  shift 63
	NEQ  shift 64
	OR  shift 65
	PLUS  shift 66
	PLUS_DOT  shift 67
	SLASH  shift 68
	SLASH_DOT  shift 69
	STAR  shift 70
	STAR_DOT  shift 71
	RPAREN  reduce 50


state 103
	expr_comma_list : expr COMMA expr_comma_list .  (49)

	.  reduce 49


state 104
	opt_bar : BAR .  (46)

	.  reduce 46


state 105
	expr : MATCH expr WITH opt_bar . LBRACKET RBRACKET MINUS_GT expr BAR pattern COLONCOLON pattern MINUS_GT expr  (21)

	LBRACKET  shift 107
	.  error


state 106
	expr : IF expr THEN expr ELSE . expr  (20)

	CONST_BOOL  shift 26
	CONST_INT  shift 27
	CONST_FLOAT  shift 28
	CONST_STRING  shift 29
	FUNCTION  shift 30
	IDENT  shift 31
	IF  shift 32
	LBRACKET  shift 33
	LET  shift 34
	LPAREN  shift 35
	MATCH  shift 36
	MINUS  shift 37
	MINUS_DOT  shift 38
	NOT  shift 39
	.  error

	expr  goto 108
	simple_expr  goto 41
	const  goto 42


state 107
	expr : MATCH expr WITH opt_bar LBRACKET . RBRACKET MINUS_GT expr BAR pattern COLONCOLON pattern MINUS_GT expr  (21)

	RBRACKET  shift 109
	.  error


state 108
	expr : expr . COLONCOLON expr  (17)
	expr : IF expr THEN expr ELSE expr .  (20)
	expr : expr . PLUS expr  (22)
	expr : expr . PLUS_DOT expr  (23)
	expr : expr . MINUS expr  (24)
	expr : expr . MINUS_DOT expr  (25)
	expr : expr . STAR expr  (26)
	expr : expr . STAR_DOT expr  (27)
	expr : expr . SLASH expr  (28)
	expr : expr . SLASH_DOT expr  (29)
	expr : expr . COMP expr  (30)
	expr : expr . EQUAL expr  (31)
	expr : expr . NEQ expr  (32)
	expr : expr . AND expr  (33)
	expr : expr . OR expr  (34)

	AND  shift 58
	COLONCOLON  shift 59
	COMP  shift 60
	EQUAL  shift 61
	MINUS  shift 62
	MINUS_DOT  shift 63
	NEQ  shift 64
	OR  shift 65
	PLUS  shift 66
	PLUS_DOT  shift 67
	SLASH  shift 68
	SLASH_DOT  shift 69
	STAR  shift 70
	STAR_DOT  shift 71
	BAR  reduce 20
	COMMA  reduce 20
	ELSE  reduce 20
	EOF  reduce 20
	IN  reduce 20
	LET  reduce 20
	RBRACKET  reduce 20
	RPAREN  reduce 20
	SEMI  reduce 20
	THEN  reduce 20
	WITH  reduce 20


state 109
	expr : MATCH expr WITH opt_bar LBRACKET RBRACKET . MINUS_GT expr BAR pattern COLONCOLON pattern MINUS_GT expr  (21)

	MINUS_GT  shift 110
	.  error


state 110
	expr : MATCH expr WITH opt_bar LBRACKET RBRACKET MINUS_GT . expr BAR pattern COLONCOLON pattern MINUS_GT expr  (21)

	CONST_BOOL  shift 26
	CONST_INT  shift 27
	CONST_FLOAT  shift 28
	CONST_STRING  shift 29
	FUNCTION  shift 30
	IDENT  shift 31
	IF  shift 32
	LBRACKET  shift 33
	LET  shift 34
	LPAREN  shift 35
	MATCH  shift 36
	MINUS  shift 37
	MINUS_DOT  shift 38
	NOT  shift 39
	.  error

	expr  goto 111
	simple_expr  goto 41
	const  goto 42


state 111
	expr : expr . COLONCOLON expr  (17)
	expr : MATCH expr WITH opt_bar LBRACKET RBRACKET MINUS_GT expr . BAR pattern COLONCOLON pattern MINUS_GT expr  (21)
	expr : expr . PLUS expr  (22)
	expr : expr . PLUS_DOT expr  (23)
	expr : expr . MINUS expr  (24)
	expr : expr . MINUS_DOT expr  (25)
	expr : expr . STAR expr  (26)
	expr : expr . STAR_DOT expr  (27)
	expr : expr . SLASH expr  (28)
	expr : expr . SLASH_DOT expr  (29)
	expr : expr . COMP expr  (30)
	expr : expr . EQUAL expr  (31)
	expr : expr . NEQ expr  (32)
	expr : expr . AND expr  (33)
	expr : expr . OR expr  (34)

	AND  shift 58
	BAR  shift 112
	COLONCOLON  shift 59
	COMP  shift 60
	EQUAL  shift 61
	MINUS  shift 62
	MINUS_DOT  shift 63
	NEQ  shift 64
	OR  shift 65
	PLUS  shift 66
	PLUS_DOT  shift 67
	SLASH  shift 68
	SLASH_DOT  shift 69
	STAR  shift 70
	STAR_DOT  shift 71
	.  error


state 112
	expr : MATCH expr WITH opt_bar LBRACKET RBRACKET MINUS_GT expr BAR . pattern COLONCOLON pattern MINUS_GT expr  (21)

	IDENT  shift 16
	LPAREN  shift 13
	UNDERSCORE  shift 14
	.  error

	pattern  goto 113


state 113
	expr : MATCH expr WITH opt_bar LBRACKET RBRACKET MINUS_GT expr BAR pattern . COLONCOLON pattern MINUS_GT expr  (21)

	COLONCOLON  shift 114
	.  error


state 114
	expr : MATCH expr WITH opt_bar LBRACKET RBRACKET MINUS_GT expr BAR pattern COLONCOLON . pattern MINUS_GT expr  (21)

	IDENT  shift 16
	LPAREN  shift 13
	UNDERSCORE  shift 14
	.  error

	pattern  goto 115


state 115
	expr : MATCH expr WITH opt_bar LBRACKET RBRACKET MINUS_GT expr BAR pattern COLONCOLON pattern . MINUS_GT expr  (21)

	MINUS_GT  shift 116
	.  error


state 116
	expr : MATCH expr WITH opt_bar LBRACKET RBRACKET MINUS_GT expr BAR pattern COLONCOLON pattern MINUS_GT . expr  (21)

	CONST_BOOL  shift 26
	CONST_INT  shift 27
	CONST_FLOAT  shift 28
	CONST_STRING  shift 29
	FUNCTION  shift 30
	IDENT  shift 31
	IF  shift 32
	LBRACKET  shift 33
	LET  shift 34
	LPAREN  shift 35
	MATCH  shift 36
	MINUS  shift 37
	MINUS_DOT  shift 38
	NOT  shift 39
	.  error

	expr  goto 117
	simple_expr  goto 41
	const  goto 42


state 117
	expr : expr . COLONCOLON expr  (17)
	expr : MATCH expr WITH opt_bar LBRACKET RBRACKET MINUS_GT expr BAR pattern COLONCOLON pattern MINUS_GT expr .  (21)
	expr : expr . PLUS expr  (22)
	expr : expr . PLUS_DOT expr  (23)
	expr : expr . MINUS expr  (24)
	expr : expr . MINUS_DOT expr  (25)
	expr : expr . STAR expr  (26)
	expr : expr . STAR_DOT expr  (27)
	expr : expr . SLASH expr  (28)
	expr : expr . SLASH_DOT expr  (29)
	expr : expr . COMP expr  (30)
	expr : expr . EQUAL expr  (31)
	expr : expr . NEQ expr  (32)
	expr : expr . AND expr  (33)
	expr : expr . OR expr  (34)

	AND  shift 58
	COLONCOLON  shift 59
	COMP  shift 60
	EQUAL  shift 61
	MINUS  shift 62
	MINUS_DOT  shift 63
	NEQ  shift 64
	OR  shift 65
	PLUS  shift 66
	PLUS_DOT  shift 67
	SLASH  shift 68
	SLASH_DOT  shift 69
	STAR  shift 70
	STAR_DOT  shift 71
	BAR  reduce 21
	COMMA  reduce 21
	ELSE  reduce 21
	EOF  reduce 21
	IN  reduce 21
	LET  reduce 21
	RBRACKET  reduce 21
	RPAREN  reduce 21
	SEMI  reduce 21
	THEN  reduce 21
	WITH  reduce 21


43 terminals, 17 nonterminals
59 grammar rules, 118 states
